
=================================================================================
2025-09-25 14:49:11.116Z: Configuration starting...
2025-09-25 14:49:11.131Z: Cloning...
2025-09-25 14:49:11.585Z: Using image: mcr.microsoft.com/devcontainers/universal

=================================================================================
2025-09-25 14:49:11.607Z: Creating container...
2025-09-25 14:49:11.658Z: $ devcontainer up --id-label Type=codespaces --workspace-folder /var/lib/docker/codespacemount/workspace/codespaces-blank --mount type=bind,source=/.codespaces/agent/mount/cache,target=/vscode --user-data-folder /var/lib/docker/codespacemount/.persistedshare --container-data-folder .vscode-remote/data/Machine --container-system-data-folder /var/vscode-remote --log-level trace --log-format json --update-remote-user-uid-default never --mount-workspace-git-root false --omit-config-remote-env-from-metadata --skip-non-blocking-commands --skip-post-create --expect-existing-container --override-config /root/.codespaces/shared/merged_devcontainer.json --default-user-env-probe loginInteractiveShell --container-session-data-folder /workspaces/.codespaces/.persistedshare/devcontainers-cli/cache --secrets-file /root/.codespaces/shared/user-secrets-envs.json
2025-09-25 14:49:11.833Z: @devcontainers/cli 0.80.0. Node.js v18.20.6. linux 6.8.0-1030-azure x64.
2025-09-25 14:49:12.146Z: $ docker start 1751a4bfcdc87fe8dd3355b7201a9901f48a5ad6032d7bbeff94e7732a0034ee
2025-09-25 14:49:13.454Z: 1751a4bfcdc87fe8dd3355b7201a9901f48a5ad6032d7bbeff94e7732a0034ee

2025-09-25 14:49:13.457Z: Stop: Run: docker start 1751a4bfcdc87fe8dd3355b7201a9901f48a5ad6032d7bbeff94e7732a0034ee
2025-09-25 14:49:13.689Z: Outcome: success User: codespace WorkspaceFolder: /workspaces/codespaces-blank
2025-09-25 14:49:13.697Z: devcontainer process exited with exit code 0

=================================================================================
2025-09-25 14:49:14.131Z: Running blocking commands...
2025-09-25 14:49:14.179Z: $ devcontainer up --id-label Type=codespaces --workspace-folder /var/lib/docker/codespacemount/workspace/codespaces-blank --mount type=bind,source=/.codespaces/agent/mount/cache,target=/vscode --user-data-folder /var/lib/docker/codespacemount/.persistedshare --container-data-folder .vscode-remote/data/Machine --container-system-data-folder /var/vscode-remote --log-level trace --log-format json --update-remote-user-uid-default never --mount-workspace-git-root false --omit-config-remote-env-from-metadata --skip-non-blocking-commands --expect-existing-container --override-config /root/.codespaces/shared/merged_devcontainer.json --default-user-env-probe loginInteractiveShell --container-session-data-folder /workspaces/.codespaces/.persistedshare/devcontainers-cli/cache --secrets-file /root/.codespaces/shared/user-secrets-envs.json
2025-09-25 14:49:14.440Z: @devcontainers/cli 0.80.0. Node.js v18.20.6. linux 6.8.0-1030-azure x64.
2025-09-25 14:49:14.807Z: Outcome: success User: codespace WorkspaceFolder: /workspaces/codespaces-blank
2025-09-25 14:49:14.822Z: devcontainer process exited with exit code 0

=================================================================================
2025-09-25 14:49:14.871Z: Configuring codespace...

=================================================================================
2025-09-25 14:49:14.871Z: Running commands...
2025-09-25 14:49:14.871Z: $ devcontainer up --id-label Type=codespaces --workspace-folder /var/lib/docker/codespacemount/workspace/codespaces-blank --expect-existing-container --skip-post-attach --mount type=bind,source=/.codespaces/agent/mount/cache,target=/vscode --container-data-folder .vscode-remote/data/Machine --container-system-data-folder /var/vscode-remote --log-level trace --log-format json --update-remote-user-uid-default never --mount-workspace-git-root false --override-config /root/.codespaces/shared/merged_devcontainer.json --default-user-env-probe loginInteractiveShell --container-session-data-folder /workspaces/.codespaces/.persistedshare/devcontainers-cli/cache --secrets-file /root/.codespaces/shared/user-secrets-envs.json
2025-09-25 14:49:15.136Z: @devcontainers/cli 0.80.0. Node.js v18.20.6. linux 6.8.0-1030-azure x64.
2025-09-25 14:49:15.507Z: Outcome: success User: codespace WorkspaceFolder: /workspaces/codespaces-blank
2025-09-25 14:49:15.516Z: devcontainer process exited with exit code 0

=================================================================================
2025-09-25 14:49:15.764Z: Finished configuring codespace.
